Arguments: 
  C:\Program Files\nodejs\node.exe C:\Users\jbaughan\AppData\Roaming\npm\node_modules\yarn\bin\yarn.js add --dev jest

PATH: 
  C:\Program Files (x86)\Common Files\Oracle\Java\javapath;C:\ProgramData\Oracle\Java\javapath;C:\WINDOWS\system32;C:\WINDOWS;C:\WINDOWS\System32\Wbem;C:\WINDOWS\System32\WindowsPowerShell\v1.0\;C:\WINDOWS\system32\config\systemprofile\.dnx\bin;C:\Program Files\Microsoft DNX\Dnvm\;C:\Program Files\Microsoft SQL Server\130\Tools\Binn\;C:\Program Files (x86)\Microsoft SQL Server\Client SDK\ODBC\130\Tools\Binn\;C:\Program Files (x86)\Microsoft SQL Server\130\Tools\Binn\;C:\Program Files (x86)\Microsoft SQL Server\130\DTS\Binn\;C:\Program Files (x86)\Microsoft SQL Server\130\Tools\Binn\ManagementStudio\;C:\Program Files\dotnet\;C:\Program Files\Microsoft VS Code\bin;C:\Program Files\PuTTY\;C:\Program Files\Git\cmd;C:\Program Files\nodejs\;C:\Go\bin;C:\Users\jbaughan\AppData\Local\Programs\Fiddler\;;C:\Program Files\WinMerge;C:\WINDOWS\System32\OpenSSH\;C:\Program Files\Amazon\AWSCLI\bin\;C:\Users\jbaughan\AppData\Local\Programs\Python\Python37-32\Scripts\;C:\Users\jbaughan\AppData\Local\Programs\Python\Python37-32\;C:\Users\jbaughan\AppData\Local\Programs\Fiddler;C:\Program Files\Microsoft VS Code\bin;C:\Users\jbaughan\AppData\Local\Microsoft\WindowsApps;C:\Users\jbaughan\AppData\Roaming\npm;C:\Users\jbaughan\go\bin;

Yarn version: 
  1.12.1

Node version: 
  8.11.2

Platform: 
  win32 x64

Trace: 
  Error: getaddrinfo ENOTFOUND artifacts.prd.costargroup.com artifacts.prd.costargroup.com:443
      at errnoException (dns.js:50:10)
      at GetAddrInfoReqWrap.onlookup [as oncomplete] (dns.js:92:26)

npm manifest: 
  No manifest

yarn manifest: 
  No manifest

Lockfile: 
  No lockfile
